<?xml version="1.0" encoding="UTF-8"?>
<!-- Generated by org.testng.reporters.JUnitReportReporter -->
<testsuite skipped="0" hostname="admin-PC" name="test.java.test_ExcelOperate" tests="1" failures="0" timestamp="28 九月 2017 09:26:24 GMT" time="0.018" errors="0">
  <testcase name="testgetcellvalue" time="0.018" classname="test.java.test_ExcelOperate"/>
</testsuite> <!-- test.java.test_ExcelOperate -->
