<?xml version="1.0" encoding="UTF-8"?>
<!-- Generated by org.testng.reporters.JUnitReportReporter -->
<testsuite skipped="0" hostname="admin-PC" name="test.java.project" tests="2" failures="0" timestamp="28 九月 2017 09:26:24 GMT" time="0.000" errors="0">
  <testcase name="interface02" time="0.000" classname="test.java.project"/>
  <testcase name="interface02" time="0.000" classname="test.java.project"/>
</testsuite> <!-- test.java.project -->
