<?xml version="1.0" encoding="UTF-8"?>
<!-- Generated by org.testng.reporters.JUnitReportReporter -->
<testsuite skipped="0" hostname="admin-PC" name="test.java.project01" tests="5" failures="0" timestamp="28 九月 2017 09:26:24 GMT" time="0.003" errors="0">
  <testcase name="interface02" time="0.002" classname="test.java.project01"/>
  <testcase name="interface03" time="0.001" classname="test.java.project01"/>
  <testcase name="interface03" time="0.000" classname="test.java.project01"/>
  <testcase name="interface03" time="0.000" classname="test.java.project01"/>
  <testcase name="interface02" time="0.000" classname="test.java.project01"/>
</testsuite> <!-- test.java.project01 -->
